Determining if the pthread_create exist failed with the following output:
Change Dir: /apps/software/relion-2.1_gaoxing/build/CMakeFiles/CMakeTmp

Run Build Command:"/usr/bin/gmake" "cmTC_ecf48/fast"
gmake: Warning: File `Makefile' has modification time 87 s in the future
/usr/bin/gmake -f CMakeFiles/cmTC_ecf48.dir/build.make CMakeFiles/cmTC_ecf48.dir/build
gmake[1]: Entering directory `/apps/software/relion-2.1_gaoxing/build/CMakeFiles/CMakeTmp'
gmake[1]: Warning: File `CMakeFiles/cmTC_ecf48.dir/flags.make' has modification time 87 s in the future
Building C object CMakeFiles/cmTC_ecf48.dir/CheckSymbolExists.c.o
/usr/bin/cc   -fPIC    -o CMakeFiles/cmTC_ecf48.dir/CheckSymbolExists.c.o   -c /apps/software/relion-2.1_gaoxing/build/CMakeFiles/CMakeTmp/CheckSymbolExists.c
Linking C executable cmTC_ecf48
/apps/software/cmake/3.13.2/bin/cmake -E cmake_link_script CMakeFiles/cmTC_ecf48.dir/link.txt --verbose=1
/usr/bin/cc -fPIC     -rdynamic CMakeFiles/cmTC_ecf48.dir/CheckSymbolExists.c.o  -o cmTC_ecf48 
CMakeFiles/cmTC_ecf48.dir/CheckSymbolExists.c.o: In function `main':
CheckSymbolExists.c:(.text+0x1b): undefined reference to `pthread_create'
collect2: error: ld returned 1 exit status
gmake[1]: *** [cmTC_ecf48] Error 1
gmake[1]: Leaving directory `/apps/software/relion-2.1_gaoxing/build/CMakeFiles/CMakeTmp'
gmake: *** [cmTC_ecf48/fast] Error 2

File /apps/software/relion-2.1_gaoxing/build/CMakeFiles/CMakeTmp/CheckSymbolExists.c:
/* */
#include <pthread.h>

int main(int argc, char** argv)
{
  (void)argv;
#ifndef pthread_create
  return ((int*)(&pthread_create))[argc];
#else
  (void)argc;
  return 0;
#endif
}

Determining if the function pthread_create exists in the pthreads failed with the following output:
Change Dir: /apps/software/relion-2.1_gaoxing/build/CMakeFiles/CMakeTmp

Run Build Command:"/usr/bin/gmake" "cmTC_4b87d/fast"
gmake: Warning: File `Makefile' has modification time 87 s in the future
/usr/bin/gmake -f CMakeFiles/cmTC_4b87d.dir/build.make CMakeFiles/cmTC_4b87d.dir/build
gmake[1]: Entering directory `/apps/software/relion-2.1_gaoxing/build/CMakeFiles/CMakeTmp'
gmake[1]: Warning: File `CMakeFiles/cmTC_4b87d.dir/flags.make' has modification time 87 s in the future
Building C object CMakeFiles/cmTC_4b87d.dir/CheckFunctionExists.c.o
/usr/bin/cc   -fPIC -DCHECK_FUNCTION_EXISTS=pthread_create   -o CMakeFiles/cmTC_4b87d.dir/CheckFunctionExists.c.o   -c /apps/software/cmake/3.13.2/share/cmake-3.13/Modules/CheckFunctionExists.c
Linking C executable cmTC_4b87d
/apps/software/cmake/3.13.2/bin/cmake -E cmake_link_script CMakeFiles/cmTC_4b87d.dir/link.txt --verbose=1
/usr/bin/cc -fPIC -DCHECK_FUNCTION_EXISTS=pthread_create    -rdynamic CMakeFiles/cmTC_4b87d.dir/CheckFunctionExists.c.o  -o cmTC_4b87d -lpthreads 
/usr/bin/ld: cannot find -lpthreads
collect2: error: ld returned 1 exit status
gmake[1]: *** [cmTC_4b87d] Error 1
gmake[1]: Leaving directory `/apps/software/relion-2.1_gaoxing/build/CMakeFiles/CMakeTmp'
gmake: *** [cmTC_4b87d/fast] Error 2


Determining if the __sincos exist failed with the following output:
Change Dir: /apps/software/relion-2.1_gaoxing/build/CMakeFiles/CMakeTmp

Run Build Command:"/usr/bin/gmake" "cmTC_f8b12/fast"
gmake: Warning: File `Makefile' has modification time 87 s in the future
/usr/bin/gmake -f CMakeFiles/cmTC_f8b12.dir/build.make CMakeFiles/cmTC_f8b12.dir/build
gmake[1]: Entering directory `/apps/software/relion-2.1_gaoxing/build/CMakeFiles/CMakeTmp'
gmake[1]: Warning: File `CMakeFiles/cmTC_f8b12.dir/flags.make' has modification time 87 s in the future
Building CXX object CMakeFiles/cmTC_f8b12.dir/CheckSymbolExists.cxx.o
/usr/bin/c++     -o CMakeFiles/cmTC_f8b12.dir/CheckSymbolExists.cxx.o -c /apps/software/relion-2.1_gaoxing/build/CMakeFiles/CMakeTmp/CheckSymbolExists.cxx
Linking CXX executable cmTC_f8b12
/apps/software/cmake/3.13.2/bin/cmake -E cmake_link_script CMakeFiles/cmTC_f8b12.dir/link.txt --verbose=1
/usr/bin/c++       -rdynamic CMakeFiles/cmTC_f8b12.dir/CheckSymbolExists.cxx.o  -o cmTC_f8b12 
CMakeFiles/cmTC_f8b12.dir/CheckSymbolExists.cxx.o: In function `main':
CheckSymbolExists.cxx:(.text+0x16): undefined reference to `__sincos'
collect2: error: ld returned 1 exit status
gmake[1]: *** [cmTC_f8b12] Error 1
gmake[1]: Leaving directory `/apps/software/relion-2.1_gaoxing/build/CMakeFiles/CMakeTmp'
gmake: *** [cmTC_f8b12/fast] Error 2

File /apps/software/relion-2.1_gaoxing/build/CMakeFiles/CMakeTmp/CheckSymbolExists.cxx:
/* */
#include <math.h>

int main(int argc, char** argv)
{
  (void)argv;
#ifndef __sincos
  return ((int*)(&__sincos))[argc];
#else
  (void)argc;
  return 0;
#endif
}

